<?xml version="1.0" encoding="UTF-8"?>
<!-- Generated by org.testng.reporters.JUnitReportReporter -->
<testsuite skipped="0" hostname="DESKTOP-42ER5TB" name="Scripts.Script1" tests="1" failures="0" timestamp="09 Apr 2018 14:10:13 GMT" time="36.405" errors="0">
  <testcase name="test1" time="36.405" classname="Scripts.Script1"/>
</testsuite> <!-- Scripts.Script1 -->
