<?xml version="1.0" encoding="UTF-8"?>
<!-- Generated by org.testng.reporters.JUnitReportReporter -->
<testsuite skipped="0" hostname="DESKTOP-42ER5TB" name="Scripts.Script2" tests="1" failures="0" timestamp="09 Apr 2018 14:11:44 GMT" time="16.836" errors="0">
  <testcase name="test2" time="16.836" classname="Scripts.Script2"/>
</testsuite> <!-- Scripts.Script2 -->
